<?xml version="1.0" encoding="UTF-8"?>
<!-- Generated by org.testng.reporters.JUnitXMLReporter -->
<testsuite ignored="0" hostname="LTIN487181" failures="1" tests="48" name="Edge Test" time="242.51" errors="0" timestamp="2024-04-02T10:18:57 IST">
  <testcase classname="testBase.baseclass" name="Launch" time="7.042"/>
  <testcase classname="testCases.TC_001_VerifyingFirstNews" name="UserInfo" time="18.057">
    <failure type="org.openqa.selenium.json.JsonException" message="java.lang.reflect.InvocationTargetException
Build info: version: &amp;apos;4.17.0&amp;apos;, revision: &amp;apos;e52b1be057*&amp;apos;
System info: os.name: &amp;apos;Windows 11&amp;apos;, os.arch: &amp;apos;amd64&amp;apos;, os.version: &amp;apos;10.0&amp;apos;, java.version: &amp;apos;17.0.10&amp;apos;
Driver info: org.openqa.selenium.edge.EdgeDriver
Command: [b5f51727bdb4b4e2bfce917143e072bd, actions {actions=[org.openqa.selenium.interactions.Sequence@4440750]}]
Capabilities {acceptInsecureCerts: false, browserName: MicrosoftEdge, browserVersion: 123.0.2420.65, fedcm:accounts: true, ms:edgeOptions: {debuggerAddress: localhost:51322}, msedge: {msedgedriverVersion: 123.0.2420.65 (49b6a5859239..., userDataDir: C:\Windows\SystemTemp\scope...}, networkConnectionEnabled: false, pageLoadStrategy: normal, platformName: windows, proxy: Proxy(), se:cdp: ws://localhost:51322/devtoo..., se:cdpVersion: 123.0.2420.65, setWindowRect: true, strictFileInteractability: false, timeouts: {implicit: 0, pageLoad: 300000, script: 30000}, unhandledPromptBehavior: dismiss and notify, webauthn:extension:credBlob: true, webauthn:extension:largeBlob: true, webauthn:extension:minPinLength: true, webauthn:extension:prf: true, webauthn:virtualAuthenticators: true}
Session ID: b5f51727bdb4b4e2bfce917143e072bd">
      <![CDATA[org.openqa.selenium.json.JsonException: java.lang.reflect.InvocationTargetException
Build info: version: '4.17.0', revision: 'e52b1be057*'
System info: os.name: 'Windows 11', os.arch: 'amd64', os.version: '10.0', java.version: '17.0.10'
Driver info: org.openqa.selenium.edge.EdgeDriver
Command: [b5f51727bdb4b4e2bfce917143e072bd, actions {actions=[org.openqa.selenium.interactions.Sequence@4440750]}]
Capabilities {acceptInsecureCerts: false, browserName: MicrosoftEdge, browserVersion: 123.0.2420.65, fedcm:accounts: true, ms:edgeOptions: {debuggerAddress: localhost:51322}, msedge: {msedgedriverVersion: 123.0.2420.65 (49b6a5859239..., userDataDir: C:\Windows\SystemTemp\scope...}, networkConnectionEnabled: false, pageLoadStrategy: normal, platformName: windows, proxy: Proxy(), se:cdp: ws://localhost:51322/devtoo..., se:cdpVersion: 123.0.2420.65, setWindowRect: true, strictFileInteractability: false, timeouts: {implicit: 0, pageLoad: 300000, script: 30000}, unhandledPromptBehavior: dismiss and notify, webauthn:extension:credBlob: true, webauthn:extension:largeBlob: true, webauthn:extension:minPinLength: true, webauthn:extension:prf: true, webauthn:virtualAuthenticators: true}
Session ID: b5f51727bdb4b4e2bfce917143e072bd
at org.openqa.selenium.json.JsonOutput.convertUsingMethod(JsonOutput.java:520)
at org.openqa.selenium.json.JsonOutput.lambda$new$16(JsonOutput.java:182)
at org.openqa.selenium.json.JsonOutput.write0(JsonOutput.java:409)
at org.openqa.selenium.json.JsonOutput.lambda$new$22(JsonOutput.java:204)
at java.base/java.util.stream.ForEachOps$ForEachOp$OfRef.accept(ForEachOps.java:183)
at java.base/java.util.stream.ReferencePipeline$2$1.accept(ReferencePipeline.java:179)
at java.base/java.util.Iterator.forEachRemaining(Iterator.java:133)
at java.base/java.util.Spliterators$IteratorSpliterator.forEachRemaining(Spliterators.java:1845)
at java.base/java.util.stream.AbstractPipeline.copyInto(AbstractPipeline.java:509)
at java.base/java.util.stream.AbstractPipeline.wrapAndCopyInto(AbstractPipeline.java:499)
at java.base/java.util.stream.ForEachOps$ForEachOp.evaluateSequential(ForEachOps.java:150)
at java.base/java.util.stream.ForEachOps$ForEachOp$OfRef.evaluateSequential(ForEachOps.java:173)
at java.base/java.util.stream.AbstractPipeline.evaluate(AbstractPipeline.java:234)
at java.base/java.util.stream.ReferencePipeline.forEach(ReferencePipeline.java:596)
at org.openqa.selenium.json.JsonOutput.lambda$new$23(JsonOutput.java:204)
at org.openqa.selenium.json.JsonOutput.write0(JsonOutput.java:409)
at org.openqa.selenium.json.JsonOutput.lambda$new$24(JsonOutput.java:222)
at java.base/java.util.Map.forEach(Map.java:713)
at org.openqa.selenium.json.JsonOutput.lambda$new$25(JsonOutput.java:217)
at org.openqa.selenium.json.JsonOutput.write0(JsonOutput.java:409)
at org.openqa.selenium.json.JsonOutput.write(JsonOutput.java:400)
at org.openqa.selenium.json.Json.toJson(Json.java:133)
at org.openqa.selenium.json.Json.toJson(Json.java:119)
at org.openqa.selenium.remote.codec.AbstractHttpCommandCodec.encode(AbstractHttpCommandCodec.java:245)
at org.openqa.selenium.remote.codec.AbstractHttpCommandCodec.encode(AbstractHttpCommandCodec.java:111)
at org.openqa.selenium.remote.HttpCommandExecutor.execute(HttpCommandExecutor.java:178)
at org.openqa.selenium.remote.service.DriverCommandExecutor.invokeExecute(DriverCommandExecutor.java:216)
at org.openqa.selenium.remote.service.DriverCommandExecutor.execute(DriverCommandExecutor.java:174)
at org.openqa.selenium.remote.RemoteWebDriver.execute(RemoteWebDriver.java:519)
at org.openqa.selenium.remote.RemoteWebDriver.perform(RemoteWebDriver.java:605)
at org.openqa.selenium.interactions.Actions$BuiltAction.perform(Actions.java:603)
at testCases.TC_001_VerifyingFirstNews.UserInfo(TC_001_VerifyingFirstNews.java:49)
at java.base/java.util.ArrayList.forEach(ArrayList.java:1511)
Suppressed: org.openqa.selenium.json.JsonException: Attempting to close incomplete json stream
Build info: version: '4.17.0', revision: 'e52b1be057*'
System info: os.name: 'Windows 11', os.arch: 'amd64', os.version: '10.0', java.version: '17.0.10'
Driver info: driver.version: RemoteWebDriver
at org.openqa.selenium.json.JsonOutput.close(JsonOutput.java:431)
at org.openqa.selenium.json.Json.toJson(Json.java:131)
... 38 more
at org.openqa.selenium.json.JsonOutput.convertUsingMethod(JsonOutput.java:516)
... 59 more
Caused by: org.openqa.selenium.NoSuchElementException: no such element: Unable to locate element: {"method":"xpath","selector":"//*[@id='O365_MainLink_MePhoto']/div/div/div/div/div[2]"}
  (Session info: MicrosoftEdge=123.0.2420.65)
For documentation on this error, please visit: https://www.selenium.dev/documentation/webdriver/troubleshooting/errors#no-such-element-exception
Build info: version: '4.17.0', revision: 'e52b1be057*'
System info: os.name: 'Windows 11', os.arch: 'amd64', os.version: '10.0', java.version: '17.0.10'
Driver info: org.openqa.selenium.edge.EdgeDriver
Command: [b5f51727bdb4b4e2bfce917143e072bd, findElement {value=//*[@id='O365_MainLink_MePhoto']/div/div/div/div/div[2], using=xpath}]
Capabilities {acceptInsecureCerts: false, browserName: MicrosoftEdge, browserVersion: 123.0.2420.65, fedcm:accounts: true, ms:edgeOptions: {debuggerAddress: localhost:51322}, msedge: {msedgedriverVersion: 123.0.2420.65 (49b6a5859239..., userDataDir: C:\Windows\SystemTemp\scope...}, networkConnectionEnabled: false, pageLoadStrategy: normal, platformName: windows, proxy: Proxy(), se:cdp: ws://localhost:51322/devtoo..., se:cdpVersion: 123.0.2420.65, setWindowRect: true, strictFileInteractability: false, timeouts: {implicit: 0, pageLoad: 300000, script: 30000}, unhandledPromptBehavior: dismiss and notify, webauthn:extension:credBlob: true, webauthn:extension:largeBlob: true, webauthn:extension:minPinLength: true, webauthn:extension:prf: true, webauthn:virtualAuthenticators: true}
Session ID: b5f51727bdb4b4e2bfce917143e072bd
at org.openqa.selenium.remote.codec.w3c.W3CHttpResponseCodec.createException(W3CHttpResponseCodec.java:185)
at org.openqa.selenium.remote.codec.w3c.W3CHttpResponseCodec.decode(W3CHttpResponseCodec.java:134)
at org.openqa.selenium.remote.codec.w3c.W3CHttpResponseCodec.decode(W3CHttpResponseCodec.java:51)
at org.openqa.selenium.remote.HttpCommandExecutor.execute(HttpCommandExecutor.java:190)
at org.openqa.selenium.remote.service.DriverCommandExecutor.invokeExecute(DriverCommandExecutor.java:216)
at org.openqa.selenium.remote.service.DriverCommandExecutor.execute(DriverCommandExecutor.java:174)
at org.openqa.selenium.remote.RemoteWebDriver.execute(RemoteWebDriver.java:519)
at org.openqa.selenium.remote.ElementLocation$ElementFinder$2.findElement(ElementLocation.java:165)
at org.openqa.selenium.remote.ElementLocation.findElement(ElementLocation.java:59)
at org.openqa.selenium.remote.RemoteWebDriver.findElement(RemoteWebDriver.java:356)
at org.openqa.selenium.remote.RemoteWebDriver.findElement(RemoteWebDriver.java:350)
at org.openqa.selenium.support.pagefactory.DefaultElementLocator.findElement(DefaultElementLocator.java:68)
at org.openqa.selenium.support.pagefactory.internal.LocatingElementHandler.invoke(LocatingElementHandler.java:38)
at jdk.proxy2/jdk.proxy2.$Proxy30.getWrappedElement(Unknown Source)
at org.openqa.selenium.interactions.PointerInput$Origin.asArg(PointerInput.java:259)
at org.openqa.selenium.interactions.PointerInput$Move.encode(PointerInput.java:208)
at org.openqa.selenium.interactions.Sequence.encode(Sequence.java:72)
at org.openqa.selenium.interactions.Sequence.toJson(Sequence.java:81)
... 64 more
... Removed 37 stack frames]]>
    </failure>
  </testcase> <!-- UserInfo -->
  <testcase classname="testCases.TC_001_VerifyingFirstNews" name="isVisisble" time="0.042"/>
  <testcase classname="testCases.TC_001_VerifyingFirstNews" name="validateTitle" time="0.573"/>
  <testcase classname="testCases.TC_001_VerifyingFirstNews" name="description" time="4.88"/>
  <testcase classname="testCases.TC_001_VerifyingFirstNews" name="validateAuthor" time="14.546"/>
  <testcase classname="testCases.TC_001_VerifyingFirstNews" name="shareButton" time="0.361"/>
  <testcase classname="testCases.TC_001_VerifyingFirstNews" name="likesNviews" time="3.199"/>
  <testcase classname="testCases.TC_001_VerifyingFirstNews" name="validateLinks" time="6.149"/>
  <testcase classname="testCases.TC_001_VerifyingFirstNews" name="writeExcelData" time="0.051"/>
  <testcase classname="testBase.baseclass" name="Launch" time="8.824"/>
  <testcase classname="testCases.TC_002_VerifyingSecondNews" name="UserInfo" time="9.489"/>
  <testcase classname="testCases.TC_002_VerifyingSecondNews" name="isVisisble" time="0.032"/>
  <testcase classname="testCases.TC_002_VerifyingSecondNews" name="validateTitle" time="0.586"/>
  <testcase classname="testCases.TC_002_VerifyingSecondNews" name="description" time="2.747"/>
  <testcase classname="testCases.TC_002_VerifyingSecondNews" name="validateAuthor" time="8.073"/>
  <testcase classname="testCases.TC_002_VerifyingSecondNews" name="shareButton" time="0.233"/>
  <testcase classname="testCases.TC_002_VerifyingSecondNews" name="likesNviews" time="5.201"/>
  <testcase classname="testCases.TC_002_VerifyingSecondNews" name="validateLinks" time="11.724"/>
  <testcase classname="testCases.TC_002_VerifyingSecondNews" name="writeExcelData" time="0.039"/>
  <testcase classname="testBase.baseclass" name="Launch" time="5.716"/>
  <testcase classname="testCases.TC_003_VerifyingThirdNews" name="UserInfo" time="9.325"/>
  <testcase classname="testCases.TC_003_VerifyingThirdNews" name="isVisisble" time="0.044"/>
  <testcase classname="testCases.TC_003_VerifyingThirdNews" name="validateTitle" time="0.564"/>
  <testcase classname="testCases.TC_003_VerifyingThirdNews" name="description" time="1.575"/>
  <testcase classname="testCases.TC_003_VerifyingThirdNews" name="validateAuthor" time="9.503"/>
  <testcase classname="testCases.TC_003_VerifyingThirdNews" name="shareButton" time="0.276"/>
  <testcase classname="testCases.TC_003_VerifyingThirdNews" name="likesNviews" time="5.205"/>
  <testcase classname="testCases.TC_003_VerifyingThirdNews" name="validateLinks" time="8.617"/>
  <testcase classname="testCases.TC_003_VerifyingThirdNews" name="writeExcelData" time="0.04"/>
  <testcase classname="testBase.baseclass" name="Launch" time="6.604"/>
  <testcase classname="testCases.TC_004_VerifyingFourthNews" name="UserInfo" time="8.966"/>
  <testcase classname="testCases.TC_004_VerifyingFourthNews" name="isVisisble" time="0.032"/>
  <testcase classname="testCases.TC_004_VerifyingFourthNews" name="validateTitle" time="0.568"/>
  <testcase classname="testCases.TC_004_VerifyingFourthNews" name="description" time="1.41"/>
  <testcase classname="testCases.TC_004_VerifyingFourthNews" name="validateAuthor" time="7.879"/>
  <testcase classname="testCases.TC_004_VerifyingFourthNews" name="shareButton" time="0.321"/>
  <testcase classname="testCases.TC_004_VerifyingFourthNews" name="likesNviews" time="5.148"/>
  <testcase classname="testCases.TC_004_VerifyingFourthNews" name="validateLinks" time="11.975"/>
  <testcase classname="testCases.TC_004_VerifyingFourthNews" name="writeExcelData" time="0.038"/>
  <testcase classname="testBase.baseclass" name="Launch" time="6.572"/>
  <testcase classname="testCases.TC_005_VerifyingFifthNews" name="UserInfo" time="8.783"/>
  <testcase classname="testCases.TC_005_VerifyingFifthNews" name="isVisisble" time="0.029"/>
  <testcase classname="testCases.TC_005_VerifyingFifthNews" name="validateTitle" time="0.577"/>
  <testcase classname="testCases.TC_005_VerifyingFifthNews" name="description" time="6.417"/>
  <testcase classname="testCases.TC_005_VerifyingFifthNews" name="shareButton" time="0.626"/>
  <testcase classname="testCases.TC_005_VerifyingFifthNews" name="likesNviews" time="5.184"/>
  <testcase classname="testCases.TC_005_VerifyingFifthNews" name="validateLinks" time="0.106"/>
</testsuite> <!-- Edge Test -->
