<html>
<head>
<title>TestNG:  Edge Test</title>
<link href="../testng.css" rel="stylesheet" type="text/css" />
<link href="../my-testng.css" rel="stylesheet" type="text/css" />

<style type="text/css">
.log { display: none;} 
.stack-trace { display: none;} 
</style>
<script type="text/javascript">
<!--
function flip(e) {
  current = e.style.display;
  if (current == 'block') {
    e.style.display = 'none';
    return 0;
  }
  else {
    e.style.display = 'block';
    return 1;
  }
}

function toggleBox(szDivId, elem, msg1, msg2)
{
  var res = -1;  if (document.getElementById) {
    res = flip(document.getElementById(szDivId));
  }
  else if (document.all) {
    // this is the way old msie versions work
    res = flip(document.all[szDivId]);
  }
  if(elem) {
    if(res == 0) elem.innerHTML = msg1; else elem.innerHTML = msg2;
  }

}

function toggleAllBoxes() {
  if (document.getElementsByTagName) {
    d = document.getElementsByTagName('div');
    for (i = 0; i < d.length; i++) {
      if (d[i].className == 'log') {
        flip(d[i]);
      }
    }
  }
}

// -->
</script>

</head>
<body>
<h2 align='center'>Edge Test</h2><table border='1' align="center">
<tr>
<td>Tests passed/Failed/Skipped:</td><td>47/1/0</td>
</tr><tr>
<td>Started on:</td><td>Tue Apr 02 10:14:48 IST 2024</td>
</tr>
<tr><td>Total time:</td><td>242 seconds (242510 ms)</td>
</tr><tr>
<td>Included groups:</td><td></td>
</tr><tr>
<td>Excluded groups:</td><td></td>
</tr>
</table><p/>
<small><i>(Hover the method name to see the test class name)</i></small><p/>
<table width='100%' border='1' class='invocation-failed'>
<tr><td colspan='4' align='center'><b>FAILED TESTS</b></td></tr>
<tr><td><b>Test method</b></td>
<td><b>Attribute(s)</b></td>
<td width="30%"><b>Exception</b></td>
<td width="10%"><b>Time (seconds)</b></td>
<td><b>Instance</b></td>
</tr>
<tr>
<td title='testCases.TC_001_VerifyingFirstNews.UserInfo()'><b>UserInfo</b><br>Test class: testCases.TC_001_VerifyingFirstNews</td>
<td><div><pre>org.openqa.selenium.json.JsonException: java.lang.reflect.InvocationTargetException
Build info: version: &apos;4.17.0&apos;, revision: &apos;e52b1be057*&apos;
System info: os.name: &apos;Windows 11&apos;, os.arch: &apos;amd64&apos;, os.version: &apos;10.0&apos;, java.version: &apos;17.0.10&apos;
Driver info: org.openqa.selenium.edge.EdgeDriver
Command: [b5f51727bdb4b4e2bfce917143e072bd, actions {actions=[org.openqa.selenium.interactions.Sequence@4440750]}]
Capabilities {acceptInsecureCerts: false, browserName: MicrosoftEdge, browserVersion: 123.0.2420.65, fedcm:accounts: true, ms:edgeOptions: {debuggerAddress: localhost:51322}, msedge: {msedgedriverVersion: 123.0.2420.65 (49b6a5859239..., userDataDir: C:\Windows\SystemTemp\scope...}, networkConnectionEnabled: false, pageLoadStrategy: normal, platformName: windows, proxy: Proxy(), se:cdp: ws://localhost:51322/devtoo..., se:cdpVersion: 123.0.2420.65, setWindowRect: true, strictFileInteractability: false, timeouts: {implicit: 0, pageLoad: 300000, script: 30000}, unhandledPromptBehavior: dismiss and notify, webauthn:extension:credBlob: true, webauthn:extension:largeBlob: true, webauthn:extension:minPinLength: true, webauthn:extension:prf: true, webauthn:virtualAuthenticators: true}
Session ID: b5f51727bdb4b4e2bfce917143e072bd
	at org.openqa.selenium.json.JsonOutput.convertUsingMethod(JsonOutput.java:520)
	at org.openqa.selenium.json.JsonOutput.lambda$new$16(JsonOutput.java:182)
	at org.openqa.selenium.json.JsonOutput.write0(JsonOutput.java:409)
	at org.openqa.selenium.json.JsonOutput.lambda$new$22(JsonOutput.java:204)
	at java.base/java.util.stream.ForEachOps$ForEachOp$OfRef.accept(ForEachOps.java:183)
	at java.base/java.util.stream.ReferencePipeline$2$1.accept(ReferencePipeline.java:179)
	at java.base/java.util.Iterator.forEachRemaining(Iterator.java:133)
	at java.base/java.util.Spliterators$IteratorSpliterator.forEachRemaining(Spliterators.java:1845)
	at java.base/java.util.stream.AbstractPipeline.copyInto(AbstractPipeline.java:509)
	at java.base/java.util.stream.AbstractPipeline.wrapAndCopyInto(AbstractPipeline.java:499)
	at java.base/java.util.stream.ForEachOps$ForEachOp.evaluateSequential(ForEachOps.java:150)
	at java.base/java.util.stream.ForEachOps$ForEachOp$OfRef.evaluateSequential(ForEachOps.java:173)
	at java.base/java.util.stream.AbstractPipeline.evaluate(AbstractPipeline.java:234)
	at java.base/java.util.stream.ReferencePipeline.forEach(ReferencePipeline.java:596)
	at org.openqa.selenium.json.JsonOutput.lambda$new$23(JsonOutput.java:204)
	at org.openqa.selenium.json.JsonOutput.write0(JsonOutput.java:409)
	at org.openqa.selenium.json.JsonOutput.lambda$new$24(JsonOutput.java:222)
	at java.base/java.util.Map.forEach(Map.java:713)
	at org.openqa.selenium.json.JsonOutput.lambda$new$25(JsonOutput.java:217)
	at org.openqa.selenium.json.JsonOutput.write0(JsonOutput.java:409)
	at org.openqa.selenium.json.JsonOutput.write(JsonOutput.java:400)
	at org.openqa.selenium.json.Json.toJson(Json.java:133)
	at org.openqa.selenium.json.Json.toJson(Json.java:119)
	at org.openqa.selenium.remote.codec.AbstractHttpCommandCodec.encode(AbstractHttpCommandCodec.java:245)
	at org.openqa.selenium.remote.codec.AbstractHttpCommandCodec.encode(AbstractHttpCommandCodec.java:111)
	at org.openqa.selenium.remote.HttpCommandExecutor.execute(HttpCommandExecutor.java:178)
	at org.openqa.selenium.remote.service.DriverCommandExecutor.invokeExecute(DriverCommandExecutor.java:216)
	at org.openqa.selenium.remote.service.DriverCommandExecutor.execute(DriverCommandExecutor.java:174)
	at org.openqa.selenium.remote.RemoteWebDriver.execute(RemoteWebDriver.java:519)
	at org.openqa.selenium.remote.RemoteWebDriver.perform(RemoteWebDriver.java:605)
	at org.openqa.selenium.interactions.Actions$BuiltAction.perform(Actions.java:603)
	at testCases.TC_001_VerifyingFirstNews.UserInfo(TC_001_VerifyingFirstNews.java:49)
	at java.base/java.util.ArrayList.forEach(ArrayList.java:1511)
	Suppressed: org.openqa.selenium.json.JsonException: Attempting to close incomplete json stream
Build info: version: &apos;4.17.0&apos;, revision: &apos;e52b1be057*&apos;
System info: os.name: &apos;Windows 11&apos;, os.arch: &apos;amd64&apos;, os.version: &apos;10.0&apos;, java.version: &apos;17.0.10&apos;
Driver info: driver.version: RemoteWebDriver
		at org.openqa.selenium.json.JsonOutput.close(JsonOutput.java:431)
		at org.openqa.selenium.json.Json.toJson(Json.java:131)
		... 38 more
	at org.openqa.selenium.json.JsonOutput.convertUsingMethod(JsonOutput.java:516)
	... 59 more
Caused by: org.openqa.selenium.NoSuchElementException: no such element: Unable to locate element: {&quot;method&quot;:&quot;xpath&quot;,&quot;selector&quot;:&quot;//*[@id=&apos;O365_MainLink_MePhoto&apos;]/div/div/div/div/div[2]&quot;}
  (Session info: MicrosoftEdge=123.0.2420.65)
For documentation on this error, please visit: https://www.selenium.dev/documentation/webdriver/troubleshooting/errors#no-such-element-exception
Build info: version: &apos;4.17.0&apos;, revision: &apos;e52b1be057*&apos;
System info: os.name: &apos;Windows 11&apos;, os.arch: &apos;amd64&apos;, os.version: &apos;10.0&apos;, java.version: &apos;17.0.10&apos;
Driver info: org.openqa.selenium.edge.EdgeDriver
Command: [b5f51727bdb4b4e2bfce917143e072bd, findElement {value=//*[@id=&apos;O365_MainLink_MePhoto&apos;]/div/div/div/div/div[2], using=xpath}]
Capabilities {acceptInsecureCerts: false, browserName: MicrosoftEdge, browserVersion: 123.0.2420.65, fedcm:accounts: true, ms:edgeOptions: {debuggerAddress: localhost:51322}, msedge: {msedgedriverVersion: 123.0.2420.65 (49b6a5859239..., userDataDir: C:\Windows\SystemTemp\scope...}, networkConnectionEnabled: false, pageLoadStrategy: normal, platformName: windows, proxy: Proxy(), se:cdp: ws://localhost:51322/devtoo..., se:cdpVersion: 123.0.2420.65, setWindowRect: true, strictFileInteractability: false, timeouts: {implicit: 0, pageLoad: 300000, script: 30000}, unhandledPromptBehavior: dismiss and notify, webauthn:extension:credBlob: true, webauthn:extension:largeBlob: true, webauthn:extension:minPinLength: true, webauthn:extension:prf: true, webauthn:virtualAuthenticators: true}
Session ID: b5f51727bdb4b4e2bfce917143e072bd
	at org.openqa.selenium.remote.codec.w3c.W3CHttpResponseCodec.createException(W3CHttpResponseCodec.java:185)
	at org.openqa.selenium.remote.codec.w3c.W3CHttpResponseCodec.decode(W3CHttpResponseCodec.java:134)
	at org.openqa.selenium.remote.codec.w3c.W3CHttpResponseCodec.decode(W3CHttpResponseCodec.java:51)
	at org.openqa.selenium.remote.HttpCommandExecutor.execute(HttpCommandExecutor.java:190)
	at org.openqa.selenium.remote.service.DriverCommandExecutor.invokeExecute(DriverCommandExecutor.java:216)
	at org.openqa.selenium.remote.service.DriverCommandExecutor.execute(DriverCommandExecutor.java:174)
	at org.openqa.selenium.remote.RemoteWebDriver.execute(RemoteWebDriver.java:519)
	at org.openqa.selenium.remote.ElementLocation$ElementFinder$2.findElement(ElementLocation.java:165)
	at org.openqa.selenium.remote.ElementLocation.findElement(ElementLocation.java:59)
	at org.openqa.selenium.remote.RemoteWebDriver.findElement(RemoteWebDriver.java:356)
	at org.openqa.selenium.remote.RemoteWebDriver.findElement(RemoteWebDriver.java:350)
	at org.openqa.selenium.support.pagefactory.DefaultElementLocator.findElement(DefaultElementLocator.java:68)
	at org.openqa.selenium.support.pagefactory.internal.LocatingElementHandler.invoke(LocatingElementHandler.java:38)
	at jdk.proxy2/jdk.proxy2.$Proxy30.getWrappedElement(Unknown Source)
	at org.openqa.selenium.interactions.PointerInput$Origin.asArg(PointerInput.java:259)
	at org.openqa.selenium.interactions.PointerInput$Move.encode(PointerInput.java:208)
	at org.openqa.selenium.interactions.Sequence.encode(Sequence.java:72)
	at org.openqa.selenium.interactions.Sequence.toJson(Sequence.java:81)
	... 64 more
... Removed 37 stack frames</pre></div><a href='#' onClick='toggleBox("stack-trace1582659185", this, "Click to show all stack frames", "Click to hide stack frames")'>Click to show all stack frames</a>
<div class='stack-trace' id='stack-trace1582659185'><pre>org.openqa.selenium.json.JsonException: java.lang.reflect.InvocationTargetException
Build info: version: &apos;4.17.0&apos;, revision: &apos;e52b1be057*&apos;
System info: os.name: &apos;Windows 11&apos;, os.arch: &apos;amd64&apos;, os.version: &apos;10.0&apos;, java.version: &apos;17.0.10&apos;
Driver info: org.openqa.selenium.edge.EdgeDriver
Command: [b5f51727bdb4b4e2bfce917143e072bd, actions {actions=[org.openqa.selenium.interactions.Sequence@4440750]}]
Capabilities {acceptInsecureCerts: false, browserName: MicrosoftEdge, browserVersion: 123.0.2420.65, fedcm:accounts: true, ms:edgeOptions: {debuggerAddress: localhost:51322}, msedge: {msedgedriverVersion: 123.0.2420.65 (49b6a5859239..., userDataDir: C:\Windows\SystemTemp\scope...}, networkConnectionEnabled: false, pageLoadStrategy: normal, platformName: windows, proxy: Proxy(), se:cdp: ws://localhost:51322/devtoo..., se:cdpVersion: 123.0.2420.65, setWindowRect: true, strictFileInteractability: false, timeouts: {implicit: 0, pageLoad: 300000, script: 30000}, unhandledPromptBehavior: dismiss and notify, webauthn:extension:credBlob: true, webauthn:extension:largeBlob: true, webauthn:extension:minPinLength: true, webauthn:extension:prf: true, webauthn:virtualAuthenticators: true}
Session ID: b5f51727bdb4b4e2bfce917143e072bd
	at org.openqa.selenium.json.JsonOutput.convertUsingMethod(JsonOutput.java:520)
	at org.openqa.selenium.json.JsonOutput.lambda$new$16(JsonOutput.java:182)
	at org.openqa.selenium.json.JsonOutput.write0(JsonOutput.java:409)
	at org.openqa.selenium.json.JsonOutput.lambda$new$22(JsonOutput.java:204)
	at java.base/java.util.stream.ForEachOps$ForEachOp$OfRef.accept(ForEachOps.java:183)
	at java.base/java.util.stream.ReferencePipeline$2$1.accept(ReferencePipeline.java:179)
	at java.base/java.util.Iterator.forEachRemaining(Iterator.java:133)
	at java.base/java.util.Spliterators$IteratorSpliterator.forEachRemaining(Spliterators.java:1845)
	at java.base/java.util.stream.AbstractPipeline.copyInto(AbstractPipeline.java:509)
	at java.base/java.util.stream.AbstractPipeline.wrapAndCopyInto(AbstractPipeline.java:499)
	at java.base/java.util.stream.ForEachOps$ForEachOp.evaluateSequential(ForEachOps.java:150)
	at java.base/java.util.stream.ForEachOps$ForEachOp$OfRef.evaluateSequential(ForEachOps.java:173)
	at java.base/java.util.stream.AbstractPipeline.evaluate(AbstractPipeline.java:234)
	at java.base/java.util.stream.ReferencePipeline.forEach(ReferencePipeline.java:596)
	at org.openqa.selenium.json.JsonOutput.lambda$new$23(JsonOutput.java:204)
	at org.openqa.selenium.json.JsonOutput.write0(JsonOutput.java:409)
	at org.openqa.selenium.json.JsonOutput.lambda$new$24(JsonOutput.java:222)
	at java.base/java.util.Map.forEach(Map.java:713)
	at org.openqa.selenium.json.JsonOutput.lambda$new$25(JsonOutput.java:217)
	at org.openqa.selenium.json.JsonOutput.write0(JsonOutput.java:409)
	at org.openqa.selenium.json.JsonOutput.write(JsonOutput.java:400)
	at org.openqa.selenium.json.Json.toJson(Json.java:133)
	at org.openqa.selenium.json.Json.toJson(Json.java:119)
	at org.openqa.selenium.remote.codec.AbstractHttpCommandCodec.encode(AbstractHttpCommandCodec.java:245)
	at org.openqa.selenium.remote.codec.AbstractHttpCommandCodec.encode(AbstractHttpCommandCodec.java:111)
	at org.openqa.selenium.remote.HttpCommandExecutor.execute(HttpCommandExecutor.java:178)
	at org.openqa.selenium.remote.service.DriverCommandExecutor.invokeExecute(DriverCommandExecutor.java:216)
	at org.openqa.selenium.remote.service.DriverCommandExecutor.execute(DriverCommandExecutor.java:174)
	at org.openqa.selenium.remote.RemoteWebDriver.execute(RemoteWebDriver.java:519)
	at org.openqa.selenium.remote.RemoteWebDriver.perform(RemoteWebDriver.java:605)
	at org.openqa.selenium.interactions.Actions$BuiltAction.perform(Actions.java:603)
	at testCases.TC_001_VerifyingFirstNews.UserInfo(TC_001_VerifyingFirstNews.java:49)
	at java.base/jdk.internal.reflect.NativeMethodAccessorImpl.invoke0(Native Method)
	at java.base/jdk.internal.reflect.NativeMethodAccessorImpl.invoke(NativeMethodAccessorImpl.java:77)
	at java.base/jdk.internal.reflect.DelegatingMethodAccessorImpl.invoke(DelegatingMethodAccessorImpl.java:43)
	at java.base/java.lang.reflect.Method.invoke(Method.java:568)
	at org.testng.internal.invokers.MethodInvocationHelper.invokeMethod(MethodInvocationHelper.java:139)
	at org.testng.internal.invokers.TestInvoker.invokeMethod(TestInvoker.java:664)
	at org.testng.internal.invokers.TestInvoker.invokeTestMethod(TestInvoker.java:228)
	at org.testng.internal.invokers.MethodRunner.runInSequence(MethodRunner.java:63)
	at org.testng.internal.invokers.TestInvoker$MethodInvocationAgent.invoke(TestInvoker.java:961)
	at org.testng.internal.invokers.TestInvoker.invokeTestMethods(TestInvoker.java:201)
	at org.testng.internal.invokers.TestMethodWorker.invokeTestMethods(TestMethodWorker.java:148)
	at org.testng.internal.invokers.TestMethodWorker.run(TestMethodWorker.java:128)
	at java.base/java.util.ArrayList.forEach(ArrayList.java:1511)
	at org.testng.TestRunner.privateRun(TestRunner.java:819)
	at org.testng.TestRunner.run(TestRunner.java:619)
	at org.testng.SuiteRunner.runTest(SuiteRunner.java:443)
	at org.testng.SuiteRunner.runSequentially(SuiteRunner.java:437)
	at org.testng.SuiteRunner.privateRun(SuiteRunner.java:397)
	at org.testng.SuiteRunner.run(SuiteRunner.java:336)
	at org.testng.SuiteRunnerWorker.runSuite(SuiteRunnerWorker.java:52)
	at org.testng.SuiteRunnerWorker.run(SuiteRunnerWorker.java:95)
	at org.testng.TestNG.runSuitesSequentially(TestNG.java:1301)
	at org.testng.TestNG.runSuitesLocally(TestNG.java:1228)
	at org.testng.TestNG.runSuites(TestNG.java:1134)
	at org.testng.TestNG.run(TestNG.java:1101)
	at org.testng.remote.AbstractRemoteTestNG.run(AbstractRemoteTestNG.java:115)
	at org.testng.remote.RemoteTestNG.initAndRun(RemoteTestNG.java:251)
	at org.testng.remote.RemoteTestNG.main(RemoteTestNG.java:77)
	Suppressed: org.openqa.selenium.json.JsonException: Attempting to close incomplete json stream
Build info: version: &apos;4.17.0&apos;, revision: &apos;e52b1be057*&apos;
System info: os.name: &apos;Windows 11&apos;, os.arch: &apos;amd64&apos;, os.version: &apos;10.0&apos;, java.version: &apos;17.0.10&apos;
Driver info: driver.version: RemoteWebDriver
		at org.openqa.selenium.json.JsonOutput.close(JsonOutput.java:431)
		at org.openqa.selenium.json.Json.toJson(Json.java:131)
		... 38 more
Caused by: java.lang.reflect.InvocationTargetException
	at java.base/jdk.internal.reflect.NativeMethodAccessorImpl.invoke0(Native Method)
	at java.base/jdk.internal.reflect.NativeMethodAccessorImpl.invoke(NativeMethodAccessorImpl.java:77)
	at java.base/jdk.internal.reflect.DelegatingMethodAccessorImpl.invoke(DelegatingMethodAccessorImpl.java:43)
	at java.base/java.lang.reflect.Method.invoke(Method.java:568)
	at org.openqa.selenium.json.JsonOutput.convertUsingMethod(JsonOutput.java:516)
	... 59 more
Caused by: org.openqa.selenium.NoSuchElementException: no such element: Unable to locate element: {&quot;method&quot;:&quot;xpath&quot;,&quot;selector&quot;:&quot;//*[@id=&apos;O365_MainLink_MePhoto&apos;]/div/div/div/div/div[2]&quot;}
  (Session info: MicrosoftEdge=123.0.2420.65)
For documentation on this error, please visit: https://www.selenium.dev/documentation/webdriver/troubleshooting/errors#no-such-element-exception
Build info: version: &apos;4.17.0&apos;, revision: &apos;e52b1be057*&apos;
System info: os.name: &apos;Windows 11&apos;, os.arch: &apos;amd64&apos;, os.version: &apos;10.0&apos;, java.version: &apos;17.0.10&apos;
Driver info: org.openqa.selenium.edge.EdgeDriver
Command: [b5f51727bdb4b4e2bfce917143e072bd, findElement {value=//*[@id=&apos;O365_MainLink_MePhoto&apos;]/div/div/div/div/div[2], using=xpath}]
Capabilities {acceptInsecureCerts: false, browserName: MicrosoftEdge, browserVersion: 123.0.2420.65, fedcm:accounts: true, ms:edgeOptions: {debuggerAddress: localhost:51322}, msedge: {msedgedriverVersion: 123.0.2420.65 (49b6a5859239..., userDataDir: C:\Windows\SystemTemp\scope...}, networkConnectionEnabled: false, pageLoadStrategy: normal, platformName: windows, proxy: Proxy(), se:cdp: ws://localhost:51322/devtoo..., se:cdpVersion: 123.0.2420.65, setWindowRect: true, strictFileInteractability: false, timeouts: {implicit: 0, pageLoad: 300000, script: 30000}, unhandledPromptBehavior: dismiss and notify, webauthn:extension:credBlob: true, webauthn:extension:largeBlob: true, webauthn:extension:minPinLength: true, webauthn:extension:prf: true, webauthn:virtualAuthenticators: true}
Session ID: b5f51727bdb4b4e2bfce917143e072bd
	at java.base/jdk.internal.reflect.NativeConstructorAccessorImpl.newInstance0(Native Method)
	at java.base/jdk.internal.reflect.NativeConstructorAccessorImpl.newInstance(NativeConstructorAccessorImpl.java:77)
	at java.base/jdk.internal.reflect.DelegatingConstructorAccessorImpl.newInstance(DelegatingConstructorAccessorImpl.java:45)
	at java.base/java.lang.reflect.Constructor.newInstanceWithCaller(Constructor.java:499)
	at java.base/java.lang.reflect.Constructor.newInstance(Constructor.java:480)
	at org.openqa.selenium.remote.codec.w3c.W3CHttpResponseCodec.createException(W3CHttpResponseCodec.java:185)
	at org.openqa.selenium.remote.codec.w3c.W3CHttpResponseCodec.decode(W3CHttpResponseCodec.java:134)
	at org.openqa.selenium.remote.codec.w3c.W3CHttpResponseCodec.decode(W3CHttpResponseCodec.java:51)
	at org.openqa.selenium.remote.HttpCommandExecutor.execute(HttpCommandExecutor.java:190)
	at org.openqa.selenium.remote.service.DriverCommandExecutor.invokeExecute(DriverCommandExecutor.java:216)
	at org.openqa.selenium.remote.service.DriverCommandExecutor.execute(DriverCommandExecutor.java:174)
	at org.openqa.selenium.remote.RemoteWebDriver.execute(RemoteWebDriver.java:519)
	at org.openqa.selenium.remote.ElementLocation$ElementFinder$2.findElement(ElementLocation.java:165)
	at org.openqa.selenium.remote.ElementLocation.findElement(ElementLocation.java:59)
	at org.openqa.selenium.remote.RemoteWebDriver.findElement(RemoteWebDriver.java:356)
	at org.openqa.selenium.remote.RemoteWebDriver.findElement(RemoteWebDriver.java:350)
	at org.openqa.selenium.support.pagefactory.DefaultElementLocator.findElement(DefaultElementLocator.java:68)
	at org.openqa.selenium.support.pagefactory.internal.LocatingElementHandler.invoke(LocatingElementHandler.java:38)
	at jdk.proxy2/jdk.proxy2.$Proxy30.getWrappedElement(Unknown Source)
	at org.openqa.selenium.interactions.PointerInput$Origin.asArg(PointerInput.java:259)
	at org.openqa.selenium.interactions.PointerInput$Move.encode(PointerInput.java:208)
	at org.openqa.selenium.interactions.Sequence.encode(Sequence.java:72)
	at org.openqa.selenium.interactions.Sequence.toJson(Sequence.java:81)
	... 64 more
</pre></div></td>
<td>18</td>
<td>testCases.TC_001_VerifyingFirstNews@548a24a</td></tr>
</table><p>
<table width='100%' border='1' class='invocation-passed'>
<tr><td colspan='4' align='center'><b>PASSED TESTS</b></td></tr>
<tr><td><b>Test method</b></td>
<td><b>Attribute(s)</b></td>
<td width="30%"><b>Exception</b></td>
<td width="10%"><b>Time (seconds)</b></td>
<td><b>Instance</b></td>
</tr>
<tr>
<td title='testCases.TC_001_VerifyingFirstNews.validateTitle()'><b>validateTitle</b><br>Test class: testCases.TC_001_VerifyingFirstNews</td>
<td></td>
<td>0</td>
<td>testCases.TC_001_VerifyingFirstNews@548a24a</td></tr>
<tr>
<td title='testCases.TC_004_VerifyingFourthNews.shareButton()'><b>shareButton</b><br>Test class: testCases.TC_004_VerifyingFourthNews</td>
<td></td>
<td>0</td>
<td>testCases.TC_004_VerifyingFourthNews@3f4faf53</td></tr>
<tr>
<td title='testCases.TC_005_VerifyingFifthNews.likesNviews()'><b>likesNviews</b><br>Test class: testCases.TC_005_VerifyingFifthNews</td>
<td></td>
<td>5</td>
<td>testCases.TC_005_VerifyingFifthNews@7fd50002</td></tr>
<tr>
<td title='testCases.TC_002_VerifyingSecondNews.validateLinks()'><b>validateLinks</b><br>Test class: testCases.TC_002_VerifyingSecondNews</td>
<td></td>
<td>11</td>
<td>testCases.TC_002_VerifyingSecondNews@433defed</td></tr>
<tr>
<td title='testCases.TC_005_VerifyingFifthNews.isVisisble()'><b>isVisisble</b><br>Test class: testCases.TC_005_VerifyingFifthNews</td>
<td></td>
<td>0</td>
<td>testCases.TC_005_VerifyingFifthNews@7fd50002</td></tr>
<tr>
<td title='testCases.TC_004_VerifyingFourthNews.validateLinks()'><b>validateLinks</b><br>Test class: testCases.TC_004_VerifyingFourthNews</td>
<td></td>
<td>11</td>
<td>testCases.TC_004_VerifyingFourthNews@3f4faf53</td></tr>
<tr>
<td title='testCases.TC_001_VerifyingFirstNews.description()'><b>description</b><br>Test class: testCases.TC_001_VerifyingFirstNews</td>
<td></td>
<td>4</td>
<td>testCases.TC_001_VerifyingFirstNews@548a24a</td></tr>
<tr>
<td title='testCases.TC_003_VerifyingThirdNews.writeExcelData()'><b>writeExcelData</b><br>Test class: testCases.TC_003_VerifyingThirdNews</td>
<td></td>
<td>0</td>
<td>testCases.TC_003_VerifyingThirdNews@2a693f59</td></tr>
<tr>
<td title='testCases.TC_003_VerifyingThirdNews.likesNviews()'><b>likesNviews</b><br>Test class: testCases.TC_003_VerifyingThirdNews</td>
<td></td>
<td>5</td>
<td>testCases.TC_003_VerifyingThirdNews@2a693f59</td></tr>
<tr>
<td title='testCases.TC_002_VerifyingSecondNews.isVisisble()'><b>isVisisble</b><br>Test class: testCases.TC_002_VerifyingSecondNews</td>
<td></td>
<td>0</td>
<td>testCases.TC_002_VerifyingSecondNews@433defed</td></tr>
<tr>
<td title='testCases.TC_002_VerifyingSecondNews.validateAuthor()'><b>validateAuthor</b><br>Test class: testCases.TC_002_VerifyingSecondNews</td>
<td></td>
<td>8</td>
<td>testCases.TC_002_VerifyingSecondNews@433defed</td></tr>
<tr>
<td title='testCases.TC_005_VerifyingFifthNews.shareButton()'><b>shareButton</b><br>Test class: testCases.TC_005_VerifyingFifthNews</td>
<td></td>
<td>0</td>
<td>testCases.TC_005_VerifyingFifthNews@7fd50002</td></tr>
<tr>
<td title='testCases.TC_004_VerifyingFourthNews.description()'><b>description</b><br>Test class: testCases.TC_004_VerifyingFourthNews</td>
<td></td>
<td>1</td>
<td>testCases.TC_004_VerifyingFourthNews@3f4faf53</td></tr>
<tr>
<td title='testCases.TC_002_VerifyingSecondNews.likesNviews()'><b>likesNviews</b><br>Test class: testCases.TC_002_VerifyingSecondNews</td>
<td></td>
<td>5</td>
<td>testCases.TC_002_VerifyingSecondNews@433defed</td></tr>
<tr>
<td title='testCases.TC_004_VerifyingFourthNews.validateTitle()'><b>validateTitle</b><br>Test class: testCases.TC_004_VerifyingFourthNews</td>
<td></td>
<td>0</td>
<td>testCases.TC_004_VerifyingFourthNews@3f4faf53</td></tr>
<tr>
<td title='testCases.TC_004_VerifyingFourthNews.writeExcelData()'><b>writeExcelData</b><br>Test class: testCases.TC_004_VerifyingFourthNews</td>
<td></td>
<td>0</td>
<td>testCases.TC_004_VerifyingFourthNews@3f4faf53</td></tr>
<tr>
<td title='testCases.TC_002_VerifyingSecondNews.Launch()'><b>Launch</b><br>Test class: testCases.TC_002_VerifyingSecondNews</td>
<td></td>
<td>8</td>
<td>testCases.TC_002_VerifyingSecondNews@433defed</td></tr>
<tr>
<td title='testCases.TC_002_VerifyingSecondNews.validateTitle()'><b>validateTitle</b><br>Test class: testCases.TC_002_VerifyingSecondNews</td>
<td></td>
<td>0</td>
<td>testCases.TC_002_VerifyingSecondNews@433defed</td></tr>
<tr>
<td title='testCases.TC_004_VerifyingFourthNews.likesNviews()'><b>likesNviews</b><br>Test class: testCases.TC_004_VerifyingFourthNews</td>
<td></td>
<td>5</td>
<td>testCases.TC_004_VerifyingFourthNews@3f4faf53</td></tr>
<tr>
<td title='testCases.TC_002_VerifyingSecondNews.writeExcelData()'><b>writeExcelData</b><br>Test class: testCases.TC_002_VerifyingSecondNews</td>
<td></td>
<td>0</td>
<td>testCases.TC_002_VerifyingSecondNews@433defed</td></tr>
<tr>
<td title='testCases.TC_003_VerifyingThirdNews.isVisisble()'><b>isVisisble</b><br>Test class: testCases.TC_003_VerifyingThirdNews</td>
<td></td>
<td>0</td>
<td>testCases.TC_003_VerifyingThirdNews@2a693f59</td></tr>
<tr>
<td title='testCases.TC_005_VerifyingFifthNews.UserInfo()'><b>UserInfo</b><br>Test class: testCases.TC_005_VerifyingFifthNews</td>
<td></td>
<td>8</td>
<td>testCases.TC_005_VerifyingFifthNews@7fd50002</td></tr>
<tr>
<td title='testCases.TC_004_VerifyingFourthNews.UserInfo()'><b>UserInfo</b><br>Test class: testCases.TC_004_VerifyingFourthNews</td>
<td></td>
<td>8</td>
<td>testCases.TC_004_VerifyingFourthNews@3f4faf53</td></tr>
<tr>
<td title='testCases.TC_004_VerifyingFourthNews.isVisisble()'><b>isVisisble</b><br>Test class: testCases.TC_004_VerifyingFourthNews</td>
<td></td>
<td>0</td>
<td>testCases.TC_004_VerifyingFourthNews@3f4faf53</td></tr>
<tr>
<td title='testCases.TC_001_VerifyingFirstNews.likesNviews()'><b>likesNviews</b><br>Test class: testCases.TC_001_VerifyingFirstNews</td>
<td></td>
<td>3</td>
<td>testCases.TC_001_VerifyingFirstNews@548a24a</td></tr>
<tr>
<td title='testCases.TC_002_VerifyingSecondNews.shareButton()'><b>shareButton</b><br>Test class: testCases.TC_002_VerifyingSecondNews</td>
<td></td>
<td>0</td>
<td>testCases.TC_002_VerifyingSecondNews@433defed</td></tr>
<tr>
<td title='testCases.TC_001_VerifyingFirstNews.validateAuthor()'><b>validateAuthor</b><br>Test class: testCases.TC_001_VerifyingFirstNews</td>
<td></td>
<td>14</td>
<td>testCases.TC_001_VerifyingFirstNews@548a24a</td></tr>
<tr>
<td title='testCases.TC_002_VerifyingSecondNews.UserInfo()'><b>UserInfo</b><br>Test class: testCases.TC_002_VerifyingSecondNews</td>
<td></td>
<td>9</td>
<td>testCases.TC_002_VerifyingSecondNews@433defed</td></tr>
<tr>
<td title='testCases.TC_005_VerifyingFifthNews.validateLinks()'><b>validateLinks</b><br>Test class: testCases.TC_005_VerifyingFifthNews</td>
<td></td>
<td>0</td>
<td>testCases.TC_005_VerifyingFifthNews@7fd50002</td></tr>
<tr>
<td title='testCases.TC_005_VerifyingFifthNews.description()'><b>description</b><br>Test class: testCases.TC_005_VerifyingFifthNews</td>
<td></td>
<td>6</td>
<td>testCases.TC_005_VerifyingFifthNews@7fd50002</td></tr>
<tr>
<td title='testCases.TC_001_VerifyingFirstNews.isVisisble()'><b>isVisisble</b><br>Test class: testCases.TC_001_VerifyingFirstNews</td>
<td></td>
<td>0</td>
<td>testCases.TC_001_VerifyingFirstNews@548a24a</td></tr>
<tr>
<td title='testCases.TC_003_VerifyingThirdNews.validateTitle()'><b>validateTitle</b><br>Test class: testCases.TC_003_VerifyingThirdNews</td>
<td></td>
<td>0</td>
<td>testCases.TC_003_VerifyingThirdNews@2a693f59</td></tr>
<tr>
<td title='testCases.TC_003_VerifyingThirdNews.description()'><b>description</b><br>Test class: testCases.TC_003_VerifyingThirdNews</td>
<td></td>
<td>1</td>
<td>testCases.TC_003_VerifyingThirdNews@2a693f59</td></tr>
<tr>
<td title='testCases.TC_003_VerifyingThirdNews.validateAuthor()'><b>validateAuthor</b><br>Test class: testCases.TC_003_VerifyingThirdNews</td>
<td></td>
<td>9</td>
<td>testCases.TC_003_VerifyingThirdNews@2a693f59</td></tr>
<tr>
<td title='testCases.TC_003_VerifyingThirdNews.Launch()'><b>Launch</b><br>Test class: testCases.TC_003_VerifyingThirdNews</td>
<td></td>
<td>5</td>
<td>testCases.TC_003_VerifyingThirdNews@2a693f59</td></tr>
<tr>
<td title='testCases.TC_005_VerifyingFifthNews.validateTitle()'><b>validateTitle</b><br>Test class: testCases.TC_005_VerifyingFifthNews</td>
<td></td>
<td>0</td>
<td>testCases.TC_005_VerifyingFifthNews@7fd50002</td></tr>
<tr>
<td title='testCases.TC_003_VerifyingThirdNews.UserInfo()'><b>UserInfo</b><br>Test class: testCases.TC_003_VerifyingThirdNews</td>
<td></td>
<td>9</td>
<td>testCases.TC_003_VerifyingThirdNews@2a693f59</td></tr>
<tr>
<td title='testCases.TC_001_VerifyingFirstNews.validateLinks()'><b>validateLinks</b><br>Test class: testCases.TC_001_VerifyingFirstNews</td>
<td></td>
<td>6</td>
<td>testCases.TC_001_VerifyingFirstNews@548a24a</td></tr>
<tr>
<td title='testCases.TC_004_VerifyingFourthNews.Launch()'><b>Launch</b><br>Test class: testCases.TC_004_VerifyingFourthNews</td>
<td></td>
<td>6</td>
<td>testCases.TC_004_VerifyingFourthNews@3f4faf53</td></tr>
<tr>
<td title='testCases.TC_002_VerifyingSecondNews.description()'><b>description</b><br>Test class: testCases.TC_002_VerifyingSecondNews</td>
<td></td>
<td>2</td>
<td>testCases.TC_002_VerifyingSecondNews@433defed</td></tr>
<tr>
<td title='testCases.TC_003_VerifyingThirdNews.shareButton()'><b>shareButton</b><br>Test class: testCases.TC_003_VerifyingThirdNews</td>
<td></td>
<td>0</td>
<td>testCases.TC_003_VerifyingThirdNews@2a693f59</td></tr>
<tr>
<td title='testCases.TC_004_VerifyingFourthNews.validateAuthor()'><b>validateAuthor</b><br>Test class: testCases.TC_004_VerifyingFourthNews</td>
<td></td>
<td>7</td>
<td>testCases.TC_004_VerifyingFourthNews@3f4faf53</td></tr>
<tr>
<td title='testCases.TC_001_VerifyingFirstNews.shareButton()'><b>shareButton</b><br>Test class: testCases.TC_001_VerifyingFirstNews</td>
<td></td>
<td>0</td>
<td>testCases.TC_001_VerifyingFirstNews@548a24a</td></tr>
<tr>
<td title='testCases.TC_001_VerifyingFirstNews.writeExcelData()'><b>writeExcelData</b><br>Test class: testCases.TC_001_VerifyingFirstNews</td>
<td></td>
<td>0</td>
<td>testCases.TC_001_VerifyingFirstNews@548a24a</td></tr>
<tr>
<td title='testCases.TC_005_VerifyingFifthNews.Launch()'><b>Launch</b><br>Test class: testCases.TC_005_VerifyingFifthNews</td>
<td></td>
<td>6</td>
<td>testCases.TC_005_VerifyingFifthNews@7fd50002</td></tr>
<tr>
<td title='testCases.TC_001_VerifyingFirstNews.Launch()'><b>Launch</b><br>Test class: testCases.TC_001_VerifyingFirstNews</td>
<td></td>
<td>7</td>
<td>testCases.TC_001_VerifyingFirstNews@548a24a</td></tr>
<tr>
<td title='testCases.TC_003_VerifyingThirdNews.validateLinks()'><b>validateLinks</b><br>Test class: testCases.TC_003_VerifyingThirdNews</td>
<td></td>
<td>8</td>
<td>testCases.TC_003_VerifyingThirdNews@2a693f59</td></tr>
</table><p>
</body>
</html>